<?xml version="1.0" encoding="UTF-8"?>
<testng-results skipped="0" failed="0" total="1" passed="1">
  <reporter-output>
  </reporter-output>
  <suite name="Default suite" duration-ms="26410" started-at="2019-10-06T04:45:17Z" finished-at="2019-10-06T04:45:43Z">
    <groups>
    </groups>
    <test name="Default test" duration-ms="26410" started-at="2019-10-06T04:45:17Z" finished-at="2019-10-06T04:45:43Z">
      <class name="testcases.SeleniumGridDemo">
        <test-method status="PASS" signature="test1()[pri:0, instance:testcases.SeleniumGridDemo@4678c730]" name="test1" duration-ms="26369" started-at="2019-10-06T10:15:17Z" finished-at="2019-10-06T10:15:43Z">
          <reporter-output>
          </reporter-output>
        </test-method> <!-- test1 -->
      </class> <!-- testcases.SeleniumGridDemo -->
    </test> <!-- Default test -->
  </suite> <!-- Default suite -->
</testng-results>
